<?xml version="1.0" encoding="UTF-8"?>
<!-- Generated by org.testng.reporters.JUnitReportReporter -->
<testsuite skipped="0" hostname="PC-20170309KLSK" name="com.T65Test.testCase.testBaidu" tests="1" failures="0" timestamp="24 八月 2017 11:17:29 GMT" time="22.209" errors="0">
  <testcase name="test" time="22.209" classname="com.T65Test.testCase.testBaidu"/>
</testsuite> <!-- com.T65Test.testCase.testBaidu -->
